<?xml version="1.0" encoding="UTF-8"?>
<!-- Generated by org.testng.reporters.JUnitReportReporter -->
<testsuite skipped="0" hostname="Jyoti-computer" name="Exam_Junit.second_Question" tests="1" failures="0" timestamp="2020-08-28T18:45:56 CDT" time="38.125" errors="0">
  <testcase name="launch" time="38.125" classname="Exam_Junit.second_Question"/>
  <system-out/>
</testsuite> <!-- Exam_Junit.second_Question -->
